[2017-02-05 11:13:49] START
[2017-02-05 11:18:04] EDIT AppCuaTao/controllers/default.py: 1
[2017-02-05 11:23:21] EDIT AppCuaTao/views/default/index.html: -43
[2017-02-05 11:24:37] EDIT AppCuaTao/views/default/index.html: 0
[2017-02-05 11:25:10] EDIT AppCuaTao/views/default/index.html: 0
[2017-02-05 11:25:11] EDIT AppCuaTao/views/default/index.html: 0
[2017-02-05 11:25:11] EDIT AppCuaTao/views/default/index.html: 0
[2017-02-05 11:25:11] EDIT AppCuaTao/views/default/index.html: 0
[2017-02-05 11:25:11] EDIT AppCuaTao/views/default/index.html: 0
[2017-02-05 11:25:21] EDIT AppCuaTao/views/default/index.html: -43
[2017-02-05 11:25:29] EDIT AppCuaTao/views/default/index.html: 0
[2017-02-05 11:25:48] EDIT AppCuaTao/views/default/index.html: 0
[2017-02-05 11:28:49] EDIT AppCuaTao/views/default/index.html: 0
[2017-02-05 11:32:17] EDIT AppCuaTao/views/default/index.html: 1
[2017-02-05 11:37:39] EDIT AppCuaTao/controllers/default.py: 5
[2017-02-05 11:37:51] EDIT AppCuaTao/controllers/default.py: 0
[2017-02-05 11:38:01] EDIT AppCuaTao/controllers/default.py: 0
[2017-02-05 11:38:34] EDIT AppCuaTao/controllers/default.py: 0
[2017-02-05 11:39:05] EDIT AppCuaTao/controllers/default.py: 0
[2017-02-05 11:40:46] EDIT AppCuaTao/views/default/index.html: 1
[2017-02-05 11:41:10] EDIT AppCuaTao/views/default/index.html: -1
[2017-02-05 11:42:42] EDIT AppCuaTao/views/default/index.html: 0
[2017-02-05 11:43:18] EDIT AppCuaTao/controllers/default.py: 0
[2017-02-05 11:43:37] EDIT AppCuaTao/controllers/default.py: 0
[2017-02-05 12:16:16] EDIT AppCuaTao/controllers/default.py: 4
[2017-02-05 12:17:26] CREATE default/FirstPage.html: 0
[2017-02-05 12:17:44] CREATE default/SecondPage.html: 0
[2017-02-05 12:22:16] EDIT AppCuaTao/views/default/FirstPage.html: 4
[2017-02-05 12:24:11] EDIT AppCuaTao/views/default/SecondPage.html: 0
[2017-02-05 12:24:18] EDIT AppCuaTao/views/default/SecondPage.html: -1
[2017-02-05 12:24:24] EDIT AppCuaTao/views/default/FirstPage.html: -1
[2017-02-05 12:24:35] EDIT AppCuaTao/views/default/FirstPage.html: 0
[2017-02-05 12:40:40] EDIT AppCuaTao/views/default/SecondPage.html: 0
[2017-02-05 12:40:56] EDIT AppCuaTao/views/default/FirstPage.html: 0
[2017-02-05 12:41:37] EDIT AppCuaTao/views/default/FirstPage.html: 0
[2017-02-05 12:44:11] EDIT AppCuaTao/views/default/FirstPage.html: 0
[2017-02-05 12:45:08] EDIT AppCuaTao/views/default/SecondPage.html: 0
[2017-02-05 12:46:10] EDIT AppCuaTao/views/default/FirstPage.html: 0
[2017-02-05 12:46:43] EDIT AppCuaTao/views/default/FirstPage.html: 0
[2017-02-05 12:46:44] EDIT AppCuaTao/views/default/FirstPage.html: 0
[2017-02-05 12:46:48] EDIT AppCuaTao/views/default/SecondPage.html: 0
[2017-02-05 12:48:38] EDIT AppCuaTao/views/default/FirstPage.html: 0
[2017-02-05 12:48:40] EDIT AppCuaTao/views/default/SecondPage.html: 0
[2017-02-05 12:49:32] EDIT AppCuaTao/views/default/SecondPage.html: 0
[2017-02-05 12:52:18] EDIT AppCuaTao/views/default/SecondPage.html: 0
[2017-02-05 12:53:35] EDIT AppCuaTao/views/default/FirstPage.html: 0
[2017-02-05 12:54:28] EDIT AppCuaTao/views/default/SecondPage.html: 0
[2017-02-05 12:54:43] EDIT AppCuaTao/views/default/SecondPage.html: 0
[2017-02-05 12:55:26] EDIT AppCuaTao/views/default/FirstPage.html: 0
[2017-02-05 12:55:27] EDIT AppCuaTao/views/default/FirstPage.html: 0
[2017-02-05 12:55:34] EDIT AppCuaTao/views/default/FirstPage.html: 0
[2017-02-05 12:55:48] EDIT AppCuaTao/views/default/FirstPage.html: 0
[2017-02-05 12:55:49] EDIT AppCuaTao/views/default/FirstPage.html: 0
[2017-02-05 12:56:33] EDIT AppCuaTao/views/default/FirstPage.html: 0
[2017-02-05 12:56:34] EDIT AppCuaTao/views/default/FirstPage.html: 0
[2017-02-05 13:48:51] EDIT AppCuaTao/views/default/FirstPage.html: 0
[2017-02-05 13:49:15] EDIT AppCuaTao/views/default/FirstPage.html: 0
[2017-02-05 13:49:17] EDIT AppCuaTao/views/default/FirstPage.html: 0
[2017-02-05 15:15:12] EDIT AppCuaTao/views/default/FirstPage.html: 0
[2017-02-05 15:16:58] EDIT AppCuaTao/controllers/default.py: 3
[2017-02-05 15:17:08] EDIT AppCuaTao/controllers/default.py: 0
[2017-02-05 15:17:31] EDIT AppCuaTao/views/default/FirstPage.html: 0
[2017-02-05 15:17:32] EDIT AppCuaTao/views/default/FirstPage.html: 0
[2017-02-05 15:17:32] EDIT AppCuaTao/views/default/FirstPage.html: 0
[2017-02-05 15:17:34] EDIT AppCuaTao/controllers/default.py: 0
[2017-02-05 15:18:17] EDIT AppCuaTao/controllers/default.py: 0
[2017-02-05 15:18:55] EDIT AppCuaTao/views/default/SecondPage.html: 0
[2017-02-05 15:19:02] EDIT AppCuaTao/views/default/SecondPage.html: 0
[2017-02-05 15:19:57] EDIT AppCuaTao/views/default/SecondPage.html: 0
[2017-02-05 15:36:41] EDIT AppCuaTao/views/default/FirstPage.html: 1
[2017-02-05 15:36:54] EDIT AppCuaTao/controllers/default.py: 0
[2017-02-05 15:37:18] EDIT AppCuaTao/views/default/FirstPage.html: 0
[2017-02-05 15:37:52] EDIT AppCuaTao/controllers/default.py: 0
[2017-02-05 15:38:44] EDIT AppCuaTao/views/default/FirstPage.html: 4
[2017-02-05 15:40:00] EDIT AppCuaTao/views/default/FirstPage.html: -3
[2017-02-05 15:40:44] EDIT AppCuaTao/controllers/default.py: 0
[2017-02-05 15:47:54] EDIT AppCuaTao/controllers/default.py: 0
[2017-02-05 15:50:51] EDIT AppCuaTao/controllers/default.py: 2
[2017-02-05 15:50:59] EDIT AppCuaTao/controllers/default.py: 0
[2017-02-05 16:16:24] EDIT AppCuaTao/controllers/default.py: 3
[2017-02-05 16:16:39] EDIT AppCuaTao/controllers/default.py: 0
[2017-02-05 16:19:39] EDIT AppCuaTao/controllers/default.py: 4
[2017-02-05 16:19:50] EDIT AppCuaTao/controllers/default.py: 0
[2017-02-05 16:20:02] EDIT AppCuaTao/controllers/default.py: 0
[2017-02-05 16:20:33] EDIT AppCuaTao/controllers/default.py: 1
[2017-02-05 16:22:00] EDIT AppCuaTao/views/default/FirstPage.html: 1
[2017-02-05 16:22:58] EDIT AppCuaTao/controllers/default.py: 0
[2017-02-05 16:23:22] EDIT AppCuaTao/controllers/default.py: 0
[2017-02-05 16:24:03] EDIT AppCuaTao/views/default/FirstPage.html: -5
[2017-02-05 16:24:53] EDIT AppCuaTao/controllers/default.py: 0
[2017-02-05 16:25:44] EDIT AppCuaTao/controllers/default.py: 0
[2017-02-05 16:25:45] EDIT AppCuaTao/controllers/default.py: 0
[2017-02-05 16:28:11] EDIT AppCuaTao/views/default/SecondPage.html: 0
[2017-02-05 16:29:13] EDIT AppCuaTao/controllers/default.py: 2
[2017-02-05 16:29:24] EDIT AppCuaTao/views/default/SecondPage.html: 0
[2017-02-05 16:29:50] EDIT AppCuaTao/views/default/FirstPage.html: -1
[2017-02-05 16:30:14] EDIT AppCuaTao/views/default/SecondPage.html: 0
[2017-02-05 16:30:16] EDIT AppCuaTao/views/default/SecondPage.html: 0
[2017-02-05 16:30:58] EDIT AppCuaTao/controllers/default.py: 0
[2017-02-05 16:31:15] EDIT AppCuaTao/views/default/SecondPage.html: 0
[2017-02-05 16:31:22] EDIT AppCuaTao/views/default/SecondPage.html: 0
[2017-02-05 16:31:41] EDIT AppCuaTao/views/default/SecondPage.html: 0
[2017-02-05 16:31:44] EDIT AppCuaTao/controllers/default.py: 0
[2017-02-05 16:31:50] EDIT AppCuaTao/controllers/default.py: 0
[2017-02-05 16:31:53] EDIT AppCuaTao/views/default/SecondPage.html: 0
[2017-02-05 16:33:46] EDIT AppCuaTao/controllers/default.py: 0
[2017-02-05 16:35:49] EDIT AppCuaTao/controllers/default.py: 0
[2017-02-05 16:36:57] EDIT AppCuaTao/controllers/default.py: 0
[2017-02-05 16:37:28] EDIT AppCuaTao/controllers/default.py: 0
[2017-02-05 16:37:29] EDIT AppCuaTao/views/default/FirstPage.html: 0
[2017-02-05 16:37:31] EDIT AppCuaTao/views/default/SecondPage.html: 0
[2017-02-05 16:37:51] EDIT AppCuaTao/controllers/default.py: 0
[2017-02-05 16:39:53] EDIT AppCuaTao/controllers/default.py: 0
[2017-02-05 16:40:31] EDIT AppCuaTao/controllers/default.py: 0
[2017-02-05 16:40:35] EDIT AppCuaTao/controllers/default.py: 0
[2017-02-05 16:40:48] EDIT AppCuaTao/controllers/default.py: 0
[2017-02-05 16:41:33] EDIT AppCuaTao/controllers/default.py: 0
[2017-02-05 16:41:36] EDIT AppCuaTao/controllers/default.py: 0
[2017-02-05 16:42:25] EDIT AppCuaTao/controllers/default.py: -1
[2017-02-05 16:42:27] EDIT AppCuaTao/controllers/default.py: 0
[2017-02-05 16:43:03] EDIT AppCuaTao/controllers/default.py: 1
[2017-02-05 16:43:04] EDIT AppCuaTao/controllers/default.py: 0
[2017-02-05 16:43:04] EDIT AppCuaTao/controllers/default.py: 0
[2017-02-05 16:43:05] EDIT AppCuaTao/controllers/default.py: 0
[2017-02-05 16:43:05] EDIT AppCuaTao/controllers/default.py: 0
[2017-02-05 16:43:05] EDIT AppCuaTao/controllers/default.py: 0
[2017-02-05 16:43:05] EDIT AppCuaTao/controllers/default.py: 0
[2017-02-05 16:43:06] EDIT AppCuaTao/controllers/default.py: 0
[2017-02-05 16:43:30] EDIT AppCuaTao/controllers/default.py: 0
[2017-02-05 16:43:38] EDIT AppCuaTao/controllers/default.py: 0
[2017-02-05 16:44:20] EDIT AppCuaTao/views/default/SecondPage.html: 0
[2017-02-05 16:45:04] EDIT AppCuaTao/views/default/SecondPage.html: 0
[2017-02-05 16:45:06] EDIT AppCuaTao/views/default/SecondPage.html: 0
[2017-02-05 16:45:06] EDIT AppCuaTao/views/default/SecondPage.html: 0
[2017-02-05 16:45:07] EDIT AppCuaTao/views/default/SecondPage.html: 0
[2017-02-05 16:45:07] EDIT AppCuaTao/views/default/SecondPage.html: 0
[2017-02-05 16:45:31] EDIT AppCuaTao/views/default/SecondPage.html: 0
[2017-02-08 21:46:22] EDIT AppCuaTao/controllers/default.py: 0
[2017-02-08 21:46:38] EDIT AppCuaTao/controllers/default.py: 0
[2017-02-08 21:46:51] EDIT AppCuaTao/controllers/default.py: 0
[2017-02-08 21:47:13] EDIT AppCuaTao/controllers/default.py: 0
